<?xml version="1.0" encoding="UTF-8"?>
<!-- Generated by org.testng.reporters.JUnitReportReporter -->
<testsuite hostname="MBP-2014" name="com.sqa.mz.adactin.LoginTest" tests="1" failures="0" timestamp="30 Apr 2016 22:04:05 GMT" time="4.992" errors="0">
  <testcase name="testCheckOut" time="4.992" classname="com.sqa.mz.adactin.LoginTest"/>
</testsuite> <!-- com.sqa.mz.adactin.LoginTest -->
